[01m[K/home/tjurm/demo02_ws/src/tjurm_arm/src/joint_state_publisher.cpp:29:16:[m[K [01;31m[Kerror: [m[Kâ€˜[01m[KgoalPtr[m[Kâ€™ was not declared in this scope
   29 | int n_joints = [01;31m[KgoalPtr[m[K->trajectory.joint_names.size();
      |                [01;31m[K^~~~~~~[m[K
[01m[K/home/tjurm/demo02_ws/src/tjurm_arm/src/joint_state_publisher.cpp:30:20:[m[K [01;31m[Kerror: [m[Kâ€˜[01m[KgoalPtr[m[Kâ€™ was not declared in this scope
   30 | int n_tra_Points = [01;31m[KgoalPtr[m[K->trajectory.points.size();
      |                    [01;31m[K^~~~~~~[m[K
make[2]: *** [CMakeFiles/joint_state_publisher.dir/build.make:63: CMakeFiles/joint_state_publisher.dir/src/joint_state_publisher.cpp.o] Error 1
make[1]: *** [CMakeFiles/Makefile2:2286: CMakeFiles/joint_state_publisher.dir/all] Error 2
make: *** [Makefile:141: all] Error 2
