[01m[K/home/tjurm/demo02_ws/src/tjurm_arm/src/joint_state_publisher.cpp:11:39:[m[K [01;31m[Kerror: [m[Kâ€˜[01m[Knh[m[Kâ€™ was not declared in this scope
   11 |     ros::Publisher joint_states_pub = [01;31m[Knh[m[K.advertise<sensor_msgs::JointState>("/joint_states", 10);
      |                                       [01;31m[K^~[m[K
[01m[K/home/tjurm/demo02_ws/src/tjurm_arm/src/joint_state_publisher.cpp:11:75:[m[K [01;31m[Kerror: [m[Kexpected primary-expression before â€˜[01m[K>[m[Kâ€™ token
   11 |     ros::Publisher joint_states_pub = nh.advertise<sensor_msgs::JointState[01;31m[K>[m[K("/joint_states", 10);
      |                                                                           [01;31m[K^[m[K
make[2]: *** [CMakeFiles/joint_state_publisher.dir/build.make:63: CMakeFiles/joint_state_publisher.dir/src/joint_state_publisher.cpp.o] Error 1
make[1]: *** [CMakeFiles/Makefile2:2315: CMakeFiles/joint_state_publisher.dir/all] Error 2
make: *** [Makefile:141: all] Error 2
