[01m[K/home/tjurm/demo02_ws/src/tjurm_arm/src/joint_state_publisher.cpp:23:9:[m[K [01;31m[Kerror: [m[Kâ€˜[01m[K__packed[m[Kâ€™ does not name a type
   23 | typedef [01;31m[K__packed[m[K struct
      |         [01;31m[K^~~~~~~~[m[K
[01m[K/home/tjurm/demo02_ws/src/tjurm_arm/src/joint_state_publisher.cpp:28:3:[m[K [01;31m[Kerror: [m[Kâ€˜[01m[Ksend_msg_t[m[Kâ€™ does not name a type; did you mean â€˜[01m[Kstd_msgs[m[Kâ€™?
   28 | } [01;31m[Ksend_msg_t[m[K;
      |   [01;31m[K^~~~~~~~~~[m[K
      |   [32m[Kstd_msgs[m[K
[01m[K/home/tjurm/demo02_ws/src/tjurm_arm/src/joint_state_publisher.cpp:32:1:[m[K [01;31m[Kerror: [m[Kâ€˜[01m[Ksend_msg_t[m[Kâ€™ does not name a type; did you mean â€˜[01m[Kstd_msgs[m[Kâ€™?
   32 | [01;31m[Ksend_msg_t[m[K send_msg;
      | [01;31m[K^~~~~~~~~~[m[K
      | [32m[Kstd_msgs[m[K
[01m[K/home/tjurm/demo02_ws/src/tjurm_arm/src/joint_state_publisher.cpp:[m[K In function â€˜[01m[Kint main(int, char**)[m[Kâ€™:
[01m[K/home/tjurm/demo02_ws/src/tjurm_arm/src/joint_state_publisher.cpp:169:25:[m[K [01;31m[Kerror: [m[Kâ€˜[01m[Ksend_msg[m[Kâ€™ was not declared in this scope
  169 |                         [01;31m[Ksend_msg[m[K.sof=0x69;
      |                         [01;31m[K^~~~~~~~[m[K
make[2]: *** [CMakeFiles/joint_state_publisher.dir/build.make:63: CMakeFiles/joint_state_publisher.dir/src/joint_state_publisher.cpp.o] Error 1
make[1]: *** [CMakeFiles/Makefile2:2286: CMakeFiles/joint_state_publisher.dir/all] Error 2
make: *** [Makefile:141: all] Error 2
