[01m[K/home/tjurm/demo02_ws/src/tjurm_arm/src/serial_port.cpp:[m[K In function â€˜[01m[Kint main(int, char**)[m[Kâ€™:
[01m[K/home/tjurm/demo02_ws/src/tjurm_arm/src/serial_port.cpp:63:31:[m[K [01;31m[Kerror: [m[Kâ€˜[01m[Kbuffer_float[m[Kâ€™ was not declared in this scope; did you mean â€˜[01m[Krx_buffer_float[m[Kâ€™?
   63 |                 std::cout << ([01;31m[Kbuffer_float[m[K[i]) << " ";
      |                               [01;31m[K^~~~~~~~~~~~[m[K
      |                               [32m[Krx_buffer_float[m[K
make[2]: *** [CMakeFiles/serial_port.dir/build.make:63: CMakeFiles/serial_port.dir/src/serial_port.cpp.o] Error 1
make[1]: *** [CMakeFiles/Makefile2:315: CMakeFiles/serial_port.dir/all] Error 2
make: *** [Makefile:141: all] Error 2
