[01m[K/home/tjurm/demo02_ws/src/tjurm_arm/src/joint_state_publisher.cpp:[m[K In function ‘[01m[Kvoid serial_init()[m[K’:
[01m[K/home/tjurm/demo02_ws/src/tjurm_arm/src/joint_state_publisher.cpp:122:5:[m[K [01;31m[Kerror: [m[K‘[01m[Ksp[m[K’ was not declared in this scope
  122 |     [01;31m[Ksp[m[K.setPort("/dev/ttyUSB0");
      |     [01;31m[K^~[m[K
[01m[K/home/tjurm/demo02_ws/src/tjurm_arm/src/joint_state_publisher.cpp:[m[K In function ‘[01m[Kvoid joint_state_publisher_init()[m[K’:
[01m[K/home/tjurm/demo02_ws/src/tjurm_arm/src/joint_state_publisher.cpp:134:5:[m[K [01;31m[Kerror: [m[K‘[01m[Kjoint_state[m[K’ was not declared in this scope; did you mean ‘[01m[Kinitstate[m[K’?
  134 |     [01;31m[Kjoint_state[m[K.name = {"joint1", "joint2", "joint3", "joint4", "joint5", "joint6"};  // 关节名称
      |     [01;31m[K^~~~~~~~~~~[m[K
      |     [32m[Kinitstate[m[K
make[2]: *** [CMakeFiles/joint_state_publisher.dir/build.make:63: CMakeFiles/joint_state_publisher.dir/src/joint_state_publisher.cpp.o] Error 1
make[1]: *** [CMakeFiles/Makefile2:2315: CMakeFiles/joint_state_publisher.dir/all] Error 2
make: *** [Makefile:141: all] Error 2
