[01m[K/home/tjurm/demo02_ws/src/tjurm_arm/src/action_server2.cpp:[m[K In function â€˜[01m[Kvoid execute_callback(const FollowJointTrajectoryGoalConstPtr&, Server*)[m[Kâ€™:
[01m[K/home/tjurm/demo02_ws/src/tjurm_arm/src/action_server2.cpp:44:115:[m[K [01;31m[Kerror: [m[Kâ€˜[01m[Kendl[m[Kâ€™ was not declared in this scope; did you mean â€˜[01m[Kstd::endl[m[Kâ€™?
   44 |     std::cout << "********************************************" << "The trajectory data is finished printing." << [01;31m[Kendl[m[K;
      |                                                                                                                   [01;31m[K^~~~[m[K
      |                                                                                                                   [32m[Kstd::endl[m[K
In file included from [01m[K/usr/include/c++/9/iostream:39[m[K,
                 from [01m[K/opt/ros/noetic/include/ros/time.h:54[m[K,
                 from [01m[K/opt/ros/noetic/include/ros/ros.h:38[m[K,
                 from [01m[K/home/tjurm/demo02_ws/src/tjurm_arm/src/action_server2.cpp:1[m[K:
[01m[K/usr/include/c++/9/ostream:599:5:[m[K [01;36m[Knote: [m[Kâ€˜[01m[Kstd::endl[m[Kâ€™ declared here
  599 |     [01;36m[Kendl[m[K(basic_ostream<_CharT, _Traits>& __os)
      |     [01;36m[K^~~~[m[K
make[2]: *** [CMakeFiles/action_server2.dir/build.make:63: CMakeFiles/action_server2.dir/src/action_server2.cpp.o] Error 1
make[1]: *** [CMakeFiles/Makefile2:230: CMakeFiles/action_server2.dir/all] Error 2
make: *** [Makefile:141: all] Error 2
