[35m[1mScanning dependencies of target action_server2[0m
[  0%] Built target trajectory_msgs_generate_messages_lisp
[  0%] Built target std_srvs_generate_messages_eus
[  0%] Built target tf_generate_messages_nodejs
[  0%] Built target std_srvs_generate_messages_nodejs
[  0%] Built target std_srvs_generate_messages_lisp
[  0%] Built target dynamic_reconfigure_generate_messages_cpp
[  0%] Built target tf_generate_messages_lisp
[  0%] Built target tf_generate_messages_cpp
[  0%] Built target dynamic_reconfigure_generate_messages_nodejs
[  0%] Built target dynamic_reconfigure_gencfg
[  0%] Built target tf2_msgs_generate_messages_py
[  0%] Built target octomap_msgs_generate_messages_py
[  0%] Built target tf2_msgs_generate_messages_lisp
[  0%] Built target tf2_msgs_generate_messages_cpp
[  0%] Built target dynamic_reconfigure_generate_messages_lisp
[  0%] Built target octomap_msgs_generate_messages_nodejs
[  0%] Built target octomap_msgs_generate_messages_lisp
[  0%] Built target object_recognition_msgs_generate_messages_lisp
[  0%] Built target object_recognition_msgs_generate_messages_nodejs
[  0%] Built target octomap_msgs_generate_messages_cpp
[  0%] Built target octomap_msgs_generate_messages_eus
[  0%] Built target object_recognition_msgs_generate_messages_eus
[  0%] Built target object_recognition_msgs_generate_messages_cpp
[  0%] Built target actionlib_generate_messages_nodejs
[  0%] Built target trajectory_msgs_generate_messages_nodejs
[  0%] Built target actionlib_msgs_generate_messages_cpp
[  0%] Built target std_msgs_generate_messages_py
[  0%] Built target std_msgs_generate_messages_nodejs
[  0%] Built target geometry_msgs_generate_messages_eus
[  0%] Built target std_msgs_generate_messages_cpp
[  0%] Built target object_recognition_msgs_generate_messages_py
[  0%] Built target actionlib_msgs_generate_messages_py
[  0%] Built target actionlib_generate_messages_cpp
[  0%] Built target rosgraph_msgs_generate_messages_nodejs
[  0%] Built target actionlib_generate_messages_lisp
[ 25%] [32mBuilding CXX object CMakeFiles/action_server2.dir/src/action_server2.cpp.o[0m
[ 25%] Built target roscpp_generate_messages_lisp
[ 25%] Built target moveit_ros_manipulation_gencfg
[ 25%] Built target tf2_msgs_generate_messages_nodejs
[ 25%] Built target shape_msgs_generate_messages_cpp
[ 25%] Built target std_msgs_generate_messages_lisp
[ 25%] Built target dynamic_reconfigure_generate_messages_py
[ 25%] Built target std_srvs_generate_messages_cpp
[ 25%] Built target moveit_msgs_generate_messages_lisp
[ 25%] Built target actionlib_msgs_generate_messages_eus
[ 25%] Built target tf_generate_messages_eus
[ 25%] Built target rosgraph_msgs_generate_messages_lisp
[ 25%] Built target trajectory_msgs_generate_messages_eus
[ 25%] Built target rosgraph_msgs_generate_messages_py
[ 25%] Built target roscpp_generate_messages_py
[ 25%] Built target roscpp_generate_messages_cpp
[ 25%] Built target shape_msgs_generate_messages_nodejs
[ 25%] Built target trajectory_msgs_generate_messages_py
[ 25%] Built target roscpp_generate_messages_eus
[ 25%] Built target rosgraph_msgs_generate_messages_cpp
[ 25%] Built target roscpp_generate_messages_nodejs
[ 25%] Built target actionlib_generate_messages_eus
[ 25%] Built target actionlib_generate_messages_py
[ 25%] Built target tf_generate_messages_py
[ 25%] Built target std_msgs_generate_messages_eus
[ 25%] Built target actionlib_msgs_generate_messages_lisp
[ 25%] Built target actionlib_msgs_generate_messages_nodejs
[ 25%] Built target trajectory_msgs_generate_messages_cpp
[ 25%] Built target std_srvs_generate_messages_py
[ 25%] Built target moveit_ros_planning_gencfg
[ 25%] Built target rosgraph_msgs_generate_messages_eus
[ 25%] Built target shape_msgs_generate_messages_py
[ 25%] Built target shape_msgs_generate_messages_eus
[ 25%] Built target geometry_msgs_generate_messages_cpp
[ 25%] Built target visualization_msgs_generate_messages_eus
[ 25%] Built target moveit_msgs_generate_messages_py
[ 25%] Built target geometry_msgs_generate_messages_lisp
[ 25%] Built target geometry_msgs_generate_messages_nodejs
[ 25%] Built target dynamic_reconfigure_generate_messages_eus
[ 25%] Built target visualization_msgs_generate_messages_lisp
[ 25%] Built target geometry_msgs_generate_messages_py
[ 25%] Built target moveit_msgs_generate_messages_eus
[ 25%] Built target visualization_msgs_generate_messages_nodejs
[ 25%] Built target sensor_msgs_generate_messages_py
[ 25%] Built target visualization_msgs_generate_messages_py
[ 25%] Built target tf2_msgs_generate_messages_eus
[ 25%] Built target moveit_msgs_generate_messages_cpp
[ 25%] Built target sensor_msgs_generate_messages_cpp
[ 25%] Built target moveit_msgs_generate_messages_nodejs
[ 25%] Built target visualization_msgs_generate_messages_cpp
[ 25%] Built target sensor_msgs_generate_messages_eus
[ 25%] Built target sensor_msgs_generate_messages_nodejs
[ 25%] Built target sensor_msgs_generate_messages_lisp
[ 25%] Built target shape_msgs_generate_messages_lisp
[35m[1mScanning dependencies of target joint_state_publisher[0m
[ 50%] [32mBuilding CXX object CMakeFiles/joint_state_publisher.dir/src/joint_state_publisher.cpp.o[0m
[01m[K/home/tjurm/demo02_ws/src/tjurm_arm/src/joint_state_publisher.cpp:[m[K In function â€˜[01m[Kint main(int, char**)[m[Kâ€™:
[01m[K/home/tjurm/demo02_ws/src/tjurm_arm/src/joint_state_publisher.cpp:19:5:[m[K [01;31m[Kerror: [m[Kâ€˜[01m[Kserial[m[Kâ€™ has not been declared
   19 |     [01;31m[Kserial[m[K::Serial sp;
      |     [01;31m[K^~~~~~[m[K
[01m[K/home/tjurm/demo02_ws/src/tjurm_arm/src/joint_state_publisher.cpp:21:5:[m[K [01;31m[Kerror: [m[Kâ€˜[01m[Kserial[m[Kâ€™ has not been declared
   21 |     [01;31m[Kserial[m[K::Timeout to = serial::Timeout::simpleTimeout(100);
      |     [01;31m[K^~~~~~[m[K
[01m[K/home/tjurm/demo02_ws/src/tjurm_arm/src/joint_state_publisher.cpp:23:5:[m[K [01;31m[Kerror: [m[Kâ€˜[01m[Ksp[m[Kâ€™ was not declared in this scope
   23 |     [01;31m[Ksp[m[K.setPort("/dev/ttyUSB0");
      |     [01;31m[K^~[m[K
[01m[K/home/tjurm/demo02_ws/src/tjurm_arm/src/joint_state_publisher.cpp:27:19:[m[K [01;31m[Kerror: [m[Kâ€˜[01m[Kto[m[Kâ€™ was not declared in this scope; did you mean â€˜[01m[Ktm[m[Kâ€™?
   27 |     sp.setTimeout([01;31m[Kto[m[K);
      |                   [01;31m[K^~[m[K
      |                   [32m[Ktm[m[K
[01m[K/home/tjurm/demo02_ws/src/tjurm_arm/src/joint_state_publisher.cpp:34:11:[m[K [01;31m[Kerror: [m[Kâ€˜[01m[Kserial[m[Kâ€™ does not name a type
   34 |     catch([01;31m[Kserial[m[K::IOException& e)
      |           [01;31m[K^~~~~~[m[K
[01m[K/home/tjurm/demo02_ws/src/tjurm_arm/src/joint_state_publisher.cpp:34:30:[m[K [01;31m[Kerror: [m[Kexpected unqualified-id before â€˜[01m[K&[m[Kâ€™ token
   34 |     catch(serial::IOException[01;31m[K&[m[K e)
      |                              [01;31m[K^[m[K
[01m[K/home/tjurm/demo02_ws/src/tjurm_arm/src/joint_state_publisher.cpp:34:30:[m[K [01;31m[Kerror: [m[Kexpected â€˜[01m[K)[m[Kâ€™ before â€˜[01m[K&[m[Kâ€™ token
   34 |     catch[34m[K([m[Kserial::IOException[01;31m[K&[m[K e)
      |          [34m[K~[m[K                   [01;31m[K^[m[K
      |                              [32m[K)[m[K
[01m[K/home/tjurm/demo02_ws/src/tjurm_arm/src/joint_state_publisher.cpp:34:30:[m[K [01;31m[Kerror: [m[Kexpected â€˜[01m[K{[m[Kâ€™ before â€˜[01m[K&[m[Kâ€™ token
[01m[K/home/tjurm/demo02_ws/src/tjurm_arm/src/joint_state_publisher.cpp:34:32:[m[K [01;31m[Kerror: [m[Kâ€˜[01m[Ke[m[Kâ€™ was not declared in this scope
   34 |     catch(serial::IOException& [01;31m[Ke[m[K)
      |                                [01;31m[K^[m[K
[01m[K/home/tjurm/demo02_ws/src/tjurm_arm/src/joint_state_publisher.cpp:93:9:[m[K [01;31m[Kerror: [m[Kâ€˜[01m[Kloop_rate[m[Kâ€™ was not declared in this scope
   93 |         [01;31m[Kloop_rate[m[K.sleep();
      |         [01;31m[K^~~~~~~~~[m[K
make[2]: *** [CMakeFiles/joint_state_publisher.dir/build.make:63: CMakeFiles/joint_state_publisher.dir/src/joint_state_publisher.cpp.o] Error 1
make[1]: *** [CMakeFiles/Makefile2:2315: CMakeFiles/joint_state_publisher.dir/all] Error 2
make[1]: *** Waiting for unfinished jobs....
[ 75%] [32m[1mLinking CXX executable /home/tjurm/demo02_ws/devel/.private/tjurm_arm/lib/tjurm_arm/action_server2[0m
[ 75%] Built target action_server2
make: *** [Makefile:141: all] Error 2
